<?xml version="1.0" encoding="UTF-8"?>
<!-- Generated by org.testng.reporters.JUnitXMLReporter -->
<testsuite hostname="DESKTOP-MEV18K4" name="Test(failed)" tests="2" failures="1" timestamp="30 May 2020 08:31:23 GMT" time="0.09" errors="0">
  <testcase name="Test3_Skip" time="0.022" classname="firsttestngpackage.FirstTestNGFile">
    <skipped/>
  </testcase> <!-- Test3_Skip -->
  <testcase name="Test2_Fail" time="0.006" classname="firsttestngpackage.FirstTestNGFile">
    <failure type="java.lang.AssertionError" message="expected [true] but found [false]">
      <![CDATA[java.lang.AssertionError: expected [true] but found [false]
	at firsttestngpackage.FirstTestNGFile.Test2_Fail(FirstTestNGFile.java:20)
... Removed 29 stack frames]]>
    </failure>
  </testcase> <!-- Test2_Fail -->
</testsuite> <!-- Test(failed) -->
