<?xml version="1.0" encoding="UTF-8"?>
<!-- Generated by org.testng.reporters.JUnitXMLReporter -->
<testsuite hostname="DESKTOP-MEV18K4" name="test1" tests="3" failures="0" timestamp="29 May 2020 09:10:12 GMT" time="26.867" errors="0">
  <testcase name="executSessionOne" time="8.318" classname="firsttestngpackage.Test4_ParallelRun"/>
  <testcase name="executSessionThree" time="7.366" classname="firsttestngpackage.Test4_ParallelRun"/>
  <testcase name="executeSessionTwo" time="11.151" classname="firsttestngpackage.Test4_ParallelRun"/>
</testsuite> <!-- test1 -->
