<?xml version="1.0" encoding="UTF-8"?>
<!-- Generated by org.testng.reporters.JUnitXMLReporter -->
<testsuite hostname="DESKTOP-MEV18K4" name="My Tests1" tests="3" failures="0" timestamp="29 May 2020 08:56:28 GMT" time="12.115" errors="0">
  <testcase name="executSessionThree" time="11.878" classname="firsttestngpackage.Test4_ParallelRun"/>
  <testcase name="executSessionOne" time="11.919" classname="firsttestngpackage.Test4_ParallelRun"/>
  <testcase name="executeSessionTwo" time="12.085" classname="firsttestngpackage.Test4_ParallelRun"/>
</testsuite> <!-- My Tests1 -->
